mode: set
github.com/avito-internships/test-backend-1-M1steryO/internal/usecase/auth/auth.go:15.67,31.2 2 0
github.com/avito-internships/test-backend-1-M1steryO/internal/usecase/auth/auth.go:33.68,34.19 1 0
github.com/avito-internships/test-backend-1-M1steryO/internal/usecase/auth/auth.go:34.19,36.3 1 0
github.com/avito-internships/test-backend-1-M1steryO/internal/usecase/auth/auth.go:38.2,39.30 2 0
github.com/avito-internships/test-backend-1-M1steryO/internal/usecase/auth/auth.go:39.30,41.3 1 0
github.com/avito-internships/test-backend-1-M1steryO/internal/usecase/auth/auth.go:43.2,43.52 1 0
github.com/avito-internships/test-backend-1-M1steryO/internal/usecase/auth/auth.go:46.123,47.52 1 0
github.com/avito-internships/test-backend-1-M1steryO/internal/usecase/auth/auth.go:47.52,49.3 1 0
github.com/avito-internships/test-backend-1-M1steryO/internal/usecase/auth/auth.go:51.2,52.16 2 0
github.com/avito-internships/test-backend-1-M1steryO/internal/usecase/auth/auth.go:52.16,54.3 1 0
github.com/avito-internships/test-backend-1-M1steryO/internal/usecase/auth/auth.go:56.2,64.38 2 0
github.com/avito-internships/test-backend-1-M1steryO/internal/usecase/auth/auth.go:67.97,69.16 2 0
github.com/avito-internships/test-backend-1-M1steryO/internal/usecase/auth/auth.go:69.16,71.3 1 0
github.com/avito-internships/test-backend-1-M1steryO/internal/usecase/auth/auth.go:73.2,73.58 1 0
github.com/avito-internships/test-backend-1-M1steryO/internal/usecase/auth/auth.go:73.58,75.3 1 0
github.com/avito-internships/test-backend-1-M1steryO/internal/usecase/auth/auth.go:77.2,77.58 1 0
github.com/avito-internships/test-backend-1-M1steryO/internal/usecase/auth/service.go:15.117,21.2 1 0
github.com/avito-internships/test-backend-1-M1steryO/internal/usecase/bookings/bookings.go:9.160,10.34 1 0
github.com/avito-internships/test-backend-1-M1steryO/internal/usecase/bookings/bookings.go:10.34,12.3 1 0
github.com/avito-internships/test-backend-1-M1steryO/internal/usecase/bookings/bookings.go:14.2,15.16 2 0
github.com/avito-internships/test-backend-1-M1steryO/internal/usecase/bookings/bookings.go:15.16,17.3 1 0
github.com/avito-internships/test-backend-1-M1steryO/internal/usecase/bookings/bookings.go:19.2,19.38 1 0
github.com/avito-internships/test-backend-1-M1steryO/internal/usecase/bookings/bookings.go:19.38,21.3 1 0
github.com/avito-internships/test-backend-1-M1steryO/internal/usecase/bookings/bookings.go:23.2,34.26 2 0
github.com/avito-internships/test-backend-1-M1steryO/internal/usecase/bookings/bookings.go:34.26,36.17 2 0
github.com/avito-internships/test-backend-1-M1steryO/internal/usecase/bookings/bookings.go:36.17,38.4 1 0
github.com/avito-internships/test-backend-1-M1steryO/internal/usecase/bookings/bookings.go:40.3,40.33 1 0
github.com/avito-internships/test-backend-1-M1steryO/internal/usecase/bookings/bookings.go:43.2,43.44 1 0
github.com/avito-internships/test-backend-1-M1steryO/internal/usecase/bookings/bookings.go:46.134,47.35 1 0
github.com/avito-internships/test-backend-1-M1steryO/internal/usecase/bookings/bookings.go:47.35,49.3 1 0
github.com/avito-internships/test-backend-1-M1steryO/internal/usecase/bookings/bookings.go:51.2,51.50 1 0
github.com/avito-internships/test-backend-1-M1steryO/internal/usecase/bookings/bookings.go:51.50,53.3 1 0
github.com/avito-internships/test-backend-1-M1steryO/internal/usecase/bookings/bookings.go:55.2,55.52 1 0
github.com/avito-internships/test-backend-1-M1steryO/internal/usecase/bookings/bookings.go:58.122,59.34 1 0
github.com/avito-internships/test-backend-1-M1steryO/internal/usecase/bookings/bookings.go:59.34,61.3 1 0
github.com/avito-internships/test-backend-1-M1steryO/internal/usecase/bookings/bookings.go:63.2,63.69 1 0
github.com/avito-internships/test-backend-1-M1steryO/internal/usecase/bookings/bookings.go:66.136,67.34 1 0
github.com/avito-internships/test-backend-1-M1steryO/internal/usecase/bookings/bookings.go:67.34,69.3 1 0
github.com/avito-internships/test-backend-1-M1steryO/internal/usecase/bookings/bookings.go:71.2,71.62 1 0
github.com/avito-internships/test-backend-1-M1steryO/internal/usecase/bookings/service.go:21.20,28.2 1 0
github.com/avito-internships/test-backend-1-M1steryO/internal/usecase/rooms/rooms.go:9.145,10.35 1 1
github.com/avito-internships/test-backend-1-M1steryO/internal/usecase/rooms/rooms.go:10.35,12.3 1 1
github.com/avito-internships/test-backend-1-M1steryO/internal/usecase/rooms/rooms.go:14.2,14.16 1 1
github.com/avito-internships/test-backend-1-M1steryO/internal/usecase/rooms/rooms.go:14.16,16.3 1 0
github.com/avito-internships/test-backend-1-M1steryO/internal/usecase/rooms/rooms.go:18.2,25.38 2 1
github.com/avito-internships/test-backend-1-M1steryO/internal/usecase/rooms/rooms.go:28.73,30.2 1 1
github.com/avito-internships/test-backend-1-M1steryO/internal/usecase/rooms/service.go:9.73,11.2 1 1
github.com/avito-internships/test-backend-1-M1steryO/internal/usecase/schedules/schedules.go:10.165,11.35 1 0
github.com/avito-internships/test-backend-1-M1steryO/internal/usecase/schedules/schedules.go:11.35,13.3 1 0
github.com/avito-internships/test-backend-1-M1steryO/internal/usecase/schedules/schedules.go:15.2,15.60 1 0
github.com/avito-internships/test-backend-1-M1steryO/internal/usecase/schedules/schedules.go:15.60,17.3 1 0
github.com/avito-internships/test-backend-1-M1steryO/internal/usecase/schedules/schedules.go:19.2,19.75 1 0
github.com/avito-internships/test-backend-1-M1steryO/internal/usecase/schedules/schedules.go:19.75,21.3 1 0
github.com/avito-internships/test-backend-1-M1steryO/internal/usecase/schedules/schedules.go:23.2,33.16 3 0
github.com/avito-internships/test-backend-1-M1steryO/internal/usecase/schedules/schedules.go:33.16,35.3 1 0
github.com/avito-internships/test-backend-1-M1steryO/internal/usecase/schedules/schedules.go:37.2,39.30 3 0
github.com/avito-internships/test-backend-1-M1steryO/internal/usecase/schedules/schedules.go:39.30,41.20 2 0
github.com/avito-internships/test-backend-1-M1steryO/internal/usecase/schedules/schedules.go:41.20,43.4 1 0
github.com/avito-internships/test-backend-1-M1steryO/internal/usecase/schedules/schedules.go:45.3,45.40 1 0
github.com/avito-internships/test-backend-1-M1steryO/internal/usecase/schedules/schedules.go:48.2,48.23 1 0
github.com/avito-internships/test-backend-1-M1steryO/internal/usecase/schedules/schedules.go:48.23,49.63 1 0
github.com/avito-internships/test-backend-1-M1steryO/internal/usecase/schedules/schedules.go:49.63,51.4 1 0
github.com/avito-internships/test-backend-1-M1steryO/internal/usecase/schedules/schedules.go:54.2,54.21 1 0
github.com/avito-internships/test-backend-1-M1steryO/internal/usecase/schedules/service.go:22.21,30.2 1 0
github.com/avito-internships/test-backend-1-M1steryO/internal/usecase/schedules/helpers/helpers.go:11.75,12.20 1 0
github.com/avito-internships/test-backend-1-M1steryO/internal/usecase/schedules/helpers/helpers.go:12.20,14.3 1 0
github.com/avito-internships/test-backend-1-M1steryO/internal/usecase/schedules/helpers/helpers.go:16.2,16.27 1 0
github.com/avito-internships/test-backend-1-M1steryO/internal/usecase/schedules/helpers/helpers.go:16.27,17.25 1 0
github.com/avito-internships/test-backend-1-M1steryO/internal/usecase/schedules/helpers/helpers.go:17.25,19.4 1 0
github.com/avito-internships/test-backend-1-M1steryO/internal/usecase/schedules/helpers/helpers.go:22.2,23.16 2 0
github.com/avito-internships/test-backend-1-M1steryO/internal/usecase/schedules/helpers/helpers.go:23.16,25.3 1 0
github.com/avito-internships/test-backend-1-M1steryO/internal/usecase/schedules/helpers/helpers.go:27.2,28.16 2 0
github.com/avito-internships/test-backend-1-M1steryO/internal/usecase/schedules/helpers/helpers.go:28.16,30.3 1 0
github.com/avito-internships/test-backend-1-M1steryO/internal/usecase/schedules/helpers/helpers.go:32.2,32.23 1 0
github.com/avito-internships/test-backend-1-M1steryO/internal/usecase/schedules/helpers/helpers.go:32.23,34.3 1 0
github.com/avito-internships/test-backend-1-M1steryO/internal/usecase/schedules/helpers/helpers.go:36.2,36.42 1 0
github.com/avito-internships/test-backend-1-M1steryO/internal/usecase/schedules/helpers/helpers.go:36.42,38.3 1 0
github.com/avito-internships/test-backend-1-M1steryO/internal/usecase/schedules/helpers/helpers.go:40.2,40.12 1 0
github.com/avito-internships/test-backend-1-M1steryO/internal/usecase/schedules/helpers/helpers.go:43.107,46.18 3 0
github.com/avito-internships/test-backend-1-M1steryO/internal/usecase/schedules/helpers/helpers.go:46.18,48.3 1 0
github.com/avito-internships/test-backend-1-M1steryO/internal/usecase/schedules/helpers/helpers.go:50.2,50.52 1 0
github.com/avito-internships/test-backend-1-M1steryO/internal/usecase/schedules/helpers/helpers.go:50.52,52.3 1 0
github.com/avito-internships/test-backend-1-M1steryO/internal/usecase/schedules/helpers/helpers.go:54.2,55.16 2 0
github.com/avito-internships/test-backend-1-M1steryO/internal/usecase/schedules/helpers/helpers.go:55.16,57.3 1 0
github.com/avito-internships/test-backend-1-M1steryO/internal/usecase/schedules/helpers/helpers.go:59.2,60.16 2 0
github.com/avito-internships/test-backend-1-M1steryO/internal/usecase/schedules/helpers/helpers.go:60.16,62.3 1 0
github.com/avito-internships/test-backend-1-M1steryO/internal/usecase/schedules/helpers/helpers.go:64.2,68.81 4 0
github.com/avito-internships/test-backend-1-M1steryO/internal/usecase/schedules/helpers/helpers.go:68.81,70.22 2 0
github.com/avito-internships/test-backend-1-M1steryO/internal/usecase/schedules/helpers/helpers.go:70.22,71.9 1 0
github.com/avito-internships/test-backend-1-M1steryO/internal/usecase/schedules/helpers/helpers.go:74.3,80.5 1 0
github.com/avito-internships/test-backend-1-M1steryO/internal/usecase/schedules/helpers/helpers.go:83.2,83.19 1 0
github.com/avito-internships/test-backend-1-M1steryO/internal/usecase/schedules/helpers/helpers.go:86.56,89.28 3 0
github.com/avito-internships/test-backend-1-M1steryO/internal/usecase/schedules/helpers/helpers.go:89.28,91.3 1 0
github.com/avito-internships/test-backend-1-M1steryO/internal/usecase/schedules/helpers/helpers.go:93.2,93.12 1 0
github.com/avito-internships/test-backend-1-M1steryO/internal/usecase/slots/service.go:11.155,17.2 1 0
github.com/avito-internships/test-backend-1-M1steryO/internal/usecase/slots/slots.go:10.113,11.60 1 0
github.com/avito-internships/test-backend-1-M1steryO/internal/usecase/slots/slots.go:11.60,13.3 1 0
github.com/avito-internships/test-backend-1-M1steryO/internal/usecase/slots/slots.go:15.2,16.16 2 0
github.com/avito-internships/test-backend-1-M1steryO/internal/usecase/slots/slots.go:16.16,17.49 1 0
github.com/avito-internships/test-backend-1-M1steryO/internal/usecase/slots/slots.go:17.49,19.4 1 0
github.com/avito-internships/test-backend-1-M1steryO/internal/usecase/slots/slots.go:20.3,20.18 1 0
github.com/avito-internships/test-backend-1-M1steryO/internal/usecase/slots/slots.go:23.2,24.16 2 0
github.com/avito-internships/test-backend-1-M1steryO/internal/usecase/slots/slots.go:24.16,26.3 1 0
github.com/avito-internships/test-backend-1-M1steryO/internal/usecase/slots/slots.go:28.2,28.15 1 0
github.com/avito-internships/test-backend-1-M1steryO/internal/usecase/slots/slots.go:28.15,30.17 2 0
github.com/avito-internships/test-backend-1-M1steryO/internal/usecase/slots/slots.go:30.17,32.4 1 0
github.com/avito-internships/test-backend-1-M1steryO/internal/usecase/slots/slots.go:34.3,34.25 1 0
github.com/avito-internships/test-backend-1-M1steryO/internal/usecase/slots/slots.go:34.25,35.65 1 0
github.com/avito-internships/test-backend-1-M1steryO/internal/usecase/slots/slots.go:35.65,37.5 1 0
github.com/avito-internships/test-backend-1-M1steryO/internal/usecase/slots/slots.go:41.2,41.66 1 0
github.com/avito-internships/test-backend-1-M1steryO/internal/usecase/auth/auth.go:15.67,31.2 2 1
github.com/avito-internships/test-backend-1-M1steryO/internal/usecase/auth/auth.go:33.68,34.19 1 1
github.com/avito-internships/test-backend-1-M1steryO/internal/usecase/auth/auth.go:34.19,36.3 1 1
github.com/avito-internships/test-backend-1-M1steryO/internal/usecase/auth/auth.go:38.2,39.30 2 0
github.com/avito-internships/test-backend-1-M1steryO/internal/usecase/auth/auth.go:39.30,41.3 1 0
github.com/avito-internships/test-backend-1-M1steryO/internal/usecase/auth/auth.go:43.2,43.52 1 0
github.com/avito-internships/test-backend-1-M1steryO/internal/usecase/auth/auth.go:46.123,47.52 1 1
github.com/avito-internships/test-backend-1-M1steryO/internal/usecase/auth/auth.go:47.52,49.3 1 0
github.com/avito-internships/test-backend-1-M1steryO/internal/usecase/auth/auth.go:51.2,52.16 2 1
github.com/avito-internships/test-backend-1-M1steryO/internal/usecase/auth/auth.go:52.16,54.3 1 0
github.com/avito-internships/test-backend-1-M1steryO/internal/usecase/auth/auth.go:56.2,64.38 2 1
github.com/avito-internships/test-backend-1-M1steryO/internal/usecase/auth/auth.go:67.97,69.16 2 1
github.com/avito-internships/test-backend-1-M1steryO/internal/usecase/auth/auth.go:69.16,71.3 1 0
github.com/avito-internships/test-backend-1-M1steryO/internal/usecase/auth/auth.go:73.2,73.58 1 1
github.com/avito-internships/test-backend-1-M1steryO/internal/usecase/auth/auth.go:73.58,75.3 1 0
github.com/avito-internships/test-backend-1-M1steryO/internal/usecase/auth/auth.go:77.2,77.58 1 1
github.com/avito-internships/test-backend-1-M1steryO/internal/usecase/auth/service.go:15.117,21.2 1 1
github.com/avito-internships/test-backend-1-M1steryO/internal/usecase/bookings/bookings.go:9.160,10.34 1 0
github.com/avito-internships/test-backend-1-M1steryO/internal/usecase/bookings/bookings.go:10.34,12.3 1 0
github.com/avito-internships/test-backend-1-M1steryO/internal/usecase/bookings/bookings.go:14.2,15.16 2 0
github.com/avito-internships/test-backend-1-M1steryO/internal/usecase/bookings/bookings.go:15.16,17.3 1 0
github.com/avito-internships/test-backend-1-M1steryO/internal/usecase/bookings/bookings.go:19.2,19.38 1 0
github.com/avito-internships/test-backend-1-M1steryO/internal/usecase/bookings/bookings.go:19.38,21.3 1 0
github.com/avito-internships/test-backend-1-M1steryO/internal/usecase/bookings/bookings.go:23.2,34.26 2 0
github.com/avito-internships/test-backend-1-M1steryO/internal/usecase/bookings/bookings.go:34.26,36.17 2 0
github.com/avito-internships/test-backend-1-M1steryO/internal/usecase/bookings/bookings.go:36.17,38.4 1 0
github.com/avito-internships/test-backend-1-M1steryO/internal/usecase/bookings/bookings.go:40.3,40.33 1 0
github.com/avito-internships/test-backend-1-M1steryO/internal/usecase/bookings/bookings.go:43.2,43.44 1 0
github.com/avito-internships/test-backend-1-M1steryO/internal/usecase/bookings/bookings.go:46.134,47.35 1 0
github.com/avito-internships/test-backend-1-M1steryO/internal/usecase/bookings/bookings.go:47.35,49.3 1 0
github.com/avito-internships/test-backend-1-M1steryO/internal/usecase/bookings/bookings.go:51.2,51.50 1 0
github.com/avito-internships/test-backend-1-M1steryO/internal/usecase/bookings/bookings.go:51.50,53.3 1 0
github.com/avito-internships/test-backend-1-M1steryO/internal/usecase/bookings/bookings.go:55.2,55.52 1 0
github.com/avito-internships/test-backend-1-M1steryO/internal/usecase/bookings/bookings.go:58.122,59.34 1 0
github.com/avito-internships/test-backend-1-M1steryO/internal/usecase/bookings/bookings.go:59.34,61.3 1 0
github.com/avito-internships/test-backend-1-M1steryO/internal/usecase/bookings/bookings.go:63.2,63.69 1 0
github.com/avito-internships/test-backend-1-M1steryO/internal/usecase/bookings/bookings.go:66.136,67.34 1 0
github.com/avito-internships/test-backend-1-M1steryO/internal/usecase/bookings/bookings.go:67.34,69.3 1 0
github.com/avito-internships/test-backend-1-M1steryO/internal/usecase/bookings/bookings.go:71.2,71.62 1 0
github.com/avito-internships/test-backend-1-M1steryO/internal/usecase/bookings/service.go:21.20,28.2 1 0
github.com/avito-internships/test-backend-1-M1steryO/internal/usecase/rooms/rooms.go:9.145,10.35 1 0
github.com/avito-internships/test-backend-1-M1steryO/internal/usecase/rooms/rooms.go:10.35,12.3 1 0
github.com/avito-internships/test-backend-1-M1steryO/internal/usecase/rooms/rooms.go:14.2,14.16 1 0
github.com/avito-internships/test-backend-1-M1steryO/internal/usecase/rooms/rooms.go:14.16,16.3 1 0
github.com/avito-internships/test-backend-1-M1steryO/internal/usecase/rooms/rooms.go:18.2,25.38 2 0
github.com/avito-internships/test-backend-1-M1steryO/internal/usecase/rooms/rooms.go:28.73,30.2 1 0
github.com/avito-internships/test-backend-1-M1steryO/internal/usecase/rooms/service.go:9.73,11.2 1 0
github.com/avito-internships/test-backend-1-M1steryO/internal/usecase/schedules/schedules.go:10.165,11.35 1 0
github.com/avito-internships/test-backend-1-M1steryO/internal/usecase/schedules/schedules.go:11.35,13.3 1 0
github.com/avito-internships/test-backend-1-M1steryO/internal/usecase/schedules/schedules.go:15.2,15.60 1 0
github.com/avito-internships/test-backend-1-M1steryO/internal/usecase/schedules/schedules.go:15.60,17.3 1 0
github.com/avito-internships/test-backend-1-M1steryO/internal/usecase/schedules/schedules.go:19.2,19.75 1 0
github.com/avito-internships/test-backend-1-M1steryO/internal/usecase/schedules/schedules.go:19.75,21.3 1 0
github.com/avito-internships/test-backend-1-M1steryO/internal/usecase/schedules/schedules.go:23.2,33.16 3 0
github.com/avito-internships/test-backend-1-M1steryO/internal/usecase/schedules/schedules.go:33.16,35.3 1 0
github.com/avito-internships/test-backend-1-M1steryO/internal/usecase/schedules/schedules.go:37.2,39.30 3 0
github.com/avito-internships/test-backend-1-M1steryO/internal/usecase/schedules/schedules.go:39.30,41.20 2 0
github.com/avito-internships/test-backend-1-M1steryO/internal/usecase/schedules/schedules.go:41.20,43.4 1 0
github.com/avito-internships/test-backend-1-M1steryO/internal/usecase/schedules/schedules.go:45.3,45.40 1 0
github.com/avito-internships/test-backend-1-M1steryO/internal/usecase/schedules/schedules.go:48.2,48.23 1 0
github.com/avito-internships/test-backend-1-M1steryO/internal/usecase/schedules/schedules.go:48.23,49.63 1 0
github.com/avito-internships/test-backend-1-M1steryO/internal/usecase/schedules/schedules.go:49.63,51.4 1 0
github.com/avito-internships/test-backend-1-M1steryO/internal/usecase/schedules/schedules.go:54.2,54.21 1 0
github.com/avito-internships/test-backend-1-M1steryO/internal/usecase/schedules/service.go:22.21,30.2 1 0
github.com/avito-internships/test-backend-1-M1steryO/internal/usecase/schedules/helpers/helpers.go:11.75,12.20 1 0
github.com/avito-internships/test-backend-1-M1steryO/internal/usecase/schedules/helpers/helpers.go:12.20,14.3 1 0
github.com/avito-internships/test-backend-1-M1steryO/internal/usecase/schedules/helpers/helpers.go:16.2,16.27 1 0
github.com/avito-internships/test-backend-1-M1steryO/internal/usecase/schedules/helpers/helpers.go:16.27,17.25 1 0
github.com/avito-internships/test-backend-1-M1steryO/internal/usecase/schedules/helpers/helpers.go:17.25,19.4 1 0
github.com/avito-internships/test-backend-1-M1steryO/internal/usecase/schedules/helpers/helpers.go:22.2,23.16 2 0
github.com/avito-internships/test-backend-1-M1steryO/internal/usecase/schedules/helpers/helpers.go:23.16,25.3 1 0
github.com/avito-internships/test-backend-1-M1steryO/internal/usecase/schedules/helpers/helpers.go:27.2,28.16 2 0
github.com/avito-internships/test-backend-1-M1steryO/internal/usecase/schedules/helpers/helpers.go:28.16,30.3 1 0
github.com/avito-internships/test-backend-1-M1steryO/internal/usecase/schedules/helpers/helpers.go:32.2,32.23 1 0
github.com/avito-internships/test-backend-1-M1steryO/internal/usecase/schedules/helpers/helpers.go:32.23,34.3 1 0
github.com/avito-internships/test-backend-1-M1steryO/internal/usecase/schedules/helpers/helpers.go:36.2,36.42 1 0
github.com/avito-internships/test-backend-1-M1steryO/internal/usecase/schedules/helpers/helpers.go:36.42,38.3 1 0
github.com/avito-internships/test-backend-1-M1steryO/internal/usecase/schedules/helpers/helpers.go:40.2,40.12 1 0
github.com/avito-internships/test-backend-1-M1steryO/internal/usecase/schedules/helpers/helpers.go:43.107,46.18 3 0
github.com/avito-internships/test-backend-1-M1steryO/internal/usecase/schedules/helpers/helpers.go:46.18,48.3 1 0
github.com/avito-internships/test-backend-1-M1steryO/internal/usecase/schedules/helpers/helpers.go:50.2,50.52 1 0
github.com/avito-internships/test-backend-1-M1steryO/internal/usecase/schedules/helpers/helpers.go:50.52,52.3 1 0
github.com/avito-internships/test-backend-1-M1steryO/internal/usecase/schedules/helpers/helpers.go:54.2,55.16 2 0
github.com/avito-internships/test-backend-1-M1steryO/internal/usecase/schedules/helpers/helpers.go:55.16,57.3 1 0
github.com/avito-internships/test-backend-1-M1steryO/internal/usecase/schedules/helpers/helpers.go:59.2,60.16 2 0
github.com/avito-internships/test-backend-1-M1steryO/internal/usecase/schedules/helpers/helpers.go:60.16,62.3 1 0
github.com/avito-internships/test-backend-1-M1steryO/internal/usecase/schedules/helpers/helpers.go:64.2,68.81 4 0
github.com/avito-internships/test-backend-1-M1steryO/internal/usecase/schedules/helpers/helpers.go:68.81,70.22 2 0
github.com/avito-internships/test-backend-1-M1steryO/internal/usecase/schedules/helpers/helpers.go:70.22,71.9 1 0
github.com/avito-internships/test-backend-1-M1steryO/internal/usecase/schedules/helpers/helpers.go:74.3,80.5 1 0
github.com/avito-internships/test-backend-1-M1steryO/internal/usecase/schedules/helpers/helpers.go:83.2,83.19 1 0
github.com/avito-internships/test-backend-1-M1steryO/internal/usecase/schedules/helpers/helpers.go:86.56,89.28 3 0
github.com/avito-internships/test-backend-1-M1steryO/internal/usecase/schedules/helpers/helpers.go:89.28,91.3 1 0
github.com/avito-internships/test-backend-1-M1steryO/internal/usecase/schedules/helpers/helpers.go:93.2,93.12 1 0
github.com/avito-internships/test-backend-1-M1steryO/internal/usecase/slots/service.go:11.155,17.2 1 0
github.com/avito-internships/test-backend-1-M1steryO/internal/usecase/slots/slots.go:10.113,11.60 1 0
github.com/avito-internships/test-backend-1-M1steryO/internal/usecase/slots/slots.go:11.60,13.3 1 0
github.com/avito-internships/test-backend-1-M1steryO/internal/usecase/slots/slots.go:15.2,16.16 2 0
github.com/avito-internships/test-backend-1-M1steryO/internal/usecase/slots/slots.go:16.16,17.49 1 0
github.com/avito-internships/test-backend-1-M1steryO/internal/usecase/slots/slots.go:17.49,19.4 1 0
github.com/avito-internships/test-backend-1-M1steryO/internal/usecase/slots/slots.go:20.3,20.18 1 0
github.com/avito-internships/test-backend-1-M1steryO/internal/usecase/slots/slots.go:23.2,24.16 2 0
github.com/avito-internships/test-backend-1-M1steryO/internal/usecase/slots/slots.go:24.16,26.3 1 0
github.com/avito-internships/test-backend-1-M1steryO/internal/usecase/slots/slots.go:28.2,28.15 1 0
github.com/avito-internships/test-backend-1-M1steryO/internal/usecase/slots/slots.go:28.15,30.17 2 0
github.com/avito-internships/test-backend-1-M1steryO/internal/usecase/slots/slots.go:30.17,32.4 1 0
github.com/avito-internships/test-backend-1-M1steryO/internal/usecase/slots/slots.go:34.3,34.25 1 0
github.com/avito-internships/test-backend-1-M1steryO/internal/usecase/slots/slots.go:34.25,35.65 1 0
github.com/avito-internships/test-backend-1-M1steryO/internal/usecase/slots/slots.go:35.65,37.5 1 0
github.com/avito-internships/test-backend-1-M1steryO/internal/usecase/slots/slots.go:41.2,41.66 1 0
github.com/avito-internships/test-backend-1-M1steryO/internal/usecase/auth/auth.go:15.67,31.2 2 0
github.com/avito-internships/test-backend-1-M1steryO/internal/usecase/auth/auth.go:33.68,34.19 1 0
github.com/avito-internships/test-backend-1-M1steryO/internal/usecase/auth/auth.go:34.19,36.3 1 0
github.com/avito-internships/test-backend-1-M1steryO/internal/usecase/auth/auth.go:38.2,39.30 2 0
github.com/avito-internships/test-backend-1-M1steryO/internal/usecase/auth/auth.go:39.30,41.3 1 0
github.com/avito-internships/test-backend-1-M1steryO/internal/usecase/auth/auth.go:43.2,43.52 1 0
github.com/avito-internships/test-backend-1-M1steryO/internal/usecase/auth/auth.go:46.123,47.52 1 0
github.com/avito-internships/test-backend-1-M1steryO/internal/usecase/auth/auth.go:47.52,49.3 1 0
github.com/avito-internships/test-backend-1-M1steryO/internal/usecase/auth/auth.go:51.2,52.16 2 0
github.com/avito-internships/test-backend-1-M1steryO/internal/usecase/auth/auth.go:52.16,54.3 1 0
github.com/avito-internships/test-backend-1-M1steryO/internal/usecase/auth/auth.go:56.2,64.38 2 0
github.com/avito-internships/test-backend-1-M1steryO/internal/usecase/auth/auth.go:67.97,69.16 2 0
github.com/avito-internships/test-backend-1-M1steryO/internal/usecase/auth/auth.go:69.16,71.3 1 0
github.com/avito-internships/test-backend-1-M1steryO/internal/usecase/auth/auth.go:73.2,73.58 1 0
github.com/avito-internships/test-backend-1-M1steryO/internal/usecase/auth/auth.go:73.58,75.3 1 0
github.com/avito-internships/test-backend-1-M1steryO/internal/usecase/auth/auth.go:77.2,77.58 1 0
github.com/avito-internships/test-backend-1-M1steryO/internal/usecase/auth/service.go:15.117,21.2 1 0
github.com/avito-internships/test-backend-1-M1steryO/internal/usecase/bookings/bookings.go:9.160,10.34 1 0
github.com/avito-internships/test-backend-1-M1steryO/internal/usecase/bookings/bookings.go:10.34,12.3 1 0
github.com/avito-internships/test-backend-1-M1steryO/internal/usecase/bookings/bookings.go:14.2,15.16 2 0
github.com/avito-internships/test-backend-1-M1steryO/internal/usecase/bookings/bookings.go:15.16,17.3 1 0
github.com/avito-internships/test-backend-1-M1steryO/internal/usecase/bookings/bookings.go:19.2,19.38 1 0
github.com/avito-internships/test-backend-1-M1steryO/internal/usecase/bookings/bookings.go:19.38,21.3 1 0
github.com/avito-internships/test-backend-1-M1steryO/internal/usecase/bookings/bookings.go:23.2,34.26 2 0
github.com/avito-internships/test-backend-1-M1steryO/internal/usecase/bookings/bookings.go:34.26,36.17 2 0
github.com/avito-internships/test-backend-1-M1steryO/internal/usecase/bookings/bookings.go:36.17,38.4 1 0
github.com/avito-internships/test-backend-1-M1steryO/internal/usecase/bookings/bookings.go:40.3,40.33 1 0
github.com/avito-internships/test-backend-1-M1steryO/internal/usecase/bookings/bookings.go:43.2,43.44 1 0
github.com/avito-internships/test-backend-1-M1steryO/internal/usecase/bookings/bookings.go:46.134,47.35 1 0
github.com/avito-internships/test-backend-1-M1steryO/internal/usecase/bookings/bookings.go:47.35,49.3 1 0
github.com/avito-internships/test-backend-1-M1steryO/internal/usecase/bookings/bookings.go:51.2,51.50 1 0
github.com/avito-internships/test-backend-1-M1steryO/internal/usecase/bookings/bookings.go:51.50,53.3 1 0
github.com/avito-internships/test-backend-1-M1steryO/internal/usecase/bookings/bookings.go:55.2,55.52 1 0
github.com/avito-internships/test-backend-1-M1steryO/internal/usecase/bookings/bookings.go:58.122,59.34 1 0
github.com/avito-internships/test-backend-1-M1steryO/internal/usecase/bookings/bookings.go:59.34,61.3 1 0
github.com/avito-internships/test-backend-1-M1steryO/internal/usecase/bookings/bookings.go:63.2,63.69 1 0
github.com/avito-internships/test-backend-1-M1steryO/internal/usecase/bookings/bookings.go:66.136,67.34 1 0
github.com/avito-internships/test-backend-1-M1steryO/internal/usecase/bookings/bookings.go:67.34,69.3 1 0
github.com/avito-internships/test-backend-1-M1steryO/internal/usecase/bookings/bookings.go:71.2,71.62 1 0
github.com/avito-internships/test-backend-1-M1steryO/internal/usecase/bookings/service.go:21.20,28.2 1 0
github.com/avito-internships/test-backend-1-M1steryO/internal/usecase/rooms/rooms.go:9.145,10.35 1 0
github.com/avito-internships/test-backend-1-M1steryO/internal/usecase/rooms/rooms.go:10.35,12.3 1 0
github.com/avito-internships/test-backend-1-M1steryO/internal/usecase/rooms/rooms.go:14.2,14.16 1 0
github.com/avito-internships/test-backend-1-M1steryO/internal/usecase/rooms/rooms.go:14.16,16.3 1 0
github.com/avito-internships/test-backend-1-M1steryO/internal/usecase/rooms/rooms.go:18.2,25.38 2 0
github.com/avito-internships/test-backend-1-M1steryO/internal/usecase/rooms/rooms.go:28.73,30.2 1 0
github.com/avito-internships/test-backend-1-M1steryO/internal/usecase/rooms/service.go:9.73,11.2 1 0
github.com/avito-internships/test-backend-1-M1steryO/internal/usecase/schedules/schedules.go:10.165,11.35 1 1
github.com/avito-internships/test-backend-1-M1steryO/internal/usecase/schedules/schedules.go:11.35,13.3 1 1
github.com/avito-internships/test-backend-1-M1steryO/internal/usecase/schedules/schedules.go:15.2,15.60 1 1
github.com/avito-internships/test-backend-1-M1steryO/internal/usecase/schedules/schedules.go:15.60,17.3 1 0
github.com/avito-internships/test-backend-1-M1steryO/internal/usecase/schedules/schedules.go:19.2,19.75 1 1
github.com/avito-internships/test-backend-1-M1steryO/internal/usecase/schedules/schedules.go:19.75,21.3 1 0
github.com/avito-internships/test-backend-1-M1steryO/internal/usecase/schedules/schedules.go:23.2,33.16 3 1
github.com/avito-internships/test-backend-1-M1steryO/internal/usecase/schedules/schedules.go:33.16,35.3 1 0
github.com/avito-internships/test-backend-1-M1steryO/internal/usecase/schedules/schedules.go:37.2,39.30 3 1
github.com/avito-internships/test-backend-1-M1steryO/internal/usecase/schedules/schedules.go:39.30,41.20 2 1
github.com/avito-internships/test-backend-1-M1steryO/internal/usecase/schedules/schedules.go:41.20,43.4 1 0
github.com/avito-internships/test-backend-1-M1steryO/internal/usecase/schedules/schedules.go:45.3,45.40 1 1
github.com/avito-internships/test-backend-1-M1steryO/internal/usecase/schedules/schedules.go:48.2,48.23 1 1
github.com/avito-internships/test-backend-1-M1steryO/internal/usecase/schedules/schedules.go:48.23,49.63 1 1
github.com/avito-internships/test-backend-1-M1steryO/internal/usecase/schedules/schedules.go:49.63,51.4 1 0
github.com/avito-internships/test-backend-1-M1steryO/internal/usecase/schedules/schedules.go:54.2,54.21 1 1
github.com/avito-internships/test-backend-1-M1steryO/internal/usecase/schedules/service.go:22.21,30.2 1 1
github.com/avito-internships/test-backend-1-M1steryO/internal/usecase/schedules/helpers/helpers.go:11.75,12.20 1 1
github.com/avito-internships/test-backend-1-M1steryO/internal/usecase/schedules/helpers/helpers.go:12.20,14.3 1 0
github.com/avito-internships/test-backend-1-M1steryO/internal/usecase/schedules/helpers/helpers.go:16.2,16.27 1 1
github.com/avito-internships/test-backend-1-M1steryO/internal/usecase/schedules/helpers/helpers.go:16.27,17.25 1 1
github.com/avito-internships/test-backend-1-M1steryO/internal/usecase/schedules/helpers/helpers.go:17.25,19.4 1 0
github.com/avito-internships/test-backend-1-M1steryO/internal/usecase/schedules/helpers/helpers.go:22.2,23.16 2 1
github.com/avito-internships/test-backend-1-M1steryO/internal/usecase/schedules/helpers/helpers.go:23.16,25.3 1 0
github.com/avito-internships/test-backend-1-M1steryO/internal/usecase/schedules/helpers/helpers.go:27.2,28.16 2 1
github.com/avito-internships/test-backend-1-M1steryO/internal/usecase/schedules/helpers/helpers.go:28.16,30.3 1 0
github.com/avito-internships/test-backend-1-M1steryO/internal/usecase/schedules/helpers/helpers.go:32.2,32.23 1 1
github.com/avito-internships/test-backend-1-M1steryO/internal/usecase/schedules/helpers/helpers.go:32.23,34.3 1 0
github.com/avito-internships/test-backend-1-M1steryO/internal/usecase/schedules/helpers/helpers.go:36.2,36.42 1 1
github.com/avito-internships/test-backend-1-M1steryO/internal/usecase/schedules/helpers/helpers.go:36.42,38.3 1 0
github.com/avito-internships/test-backend-1-M1steryO/internal/usecase/schedules/helpers/helpers.go:40.2,40.12 1 1
github.com/avito-internships/test-backend-1-M1steryO/internal/usecase/schedules/helpers/helpers.go:43.107,46.18 3 1
github.com/avito-internships/test-backend-1-M1steryO/internal/usecase/schedules/helpers/helpers.go:46.18,48.3 1 0
github.com/avito-internships/test-backend-1-M1steryO/internal/usecase/schedules/helpers/helpers.go:50.2,50.52 1 1
github.com/avito-internships/test-backend-1-M1steryO/internal/usecase/schedules/helpers/helpers.go:50.52,52.3 1 1
github.com/avito-internships/test-backend-1-M1steryO/internal/usecase/schedules/helpers/helpers.go:54.2,55.16 2 1
github.com/avito-internships/test-backend-1-M1steryO/internal/usecase/schedules/helpers/helpers.go:55.16,57.3 1 0
github.com/avito-internships/test-backend-1-M1steryO/internal/usecase/schedules/helpers/helpers.go:59.2,60.16 2 1
github.com/avito-internships/test-backend-1-M1steryO/internal/usecase/schedules/helpers/helpers.go:60.16,62.3 1 0
github.com/avito-internships/test-backend-1-M1steryO/internal/usecase/schedules/helpers/helpers.go:64.2,68.81 4 1
github.com/avito-internships/test-backend-1-M1steryO/internal/usecase/schedules/helpers/helpers.go:68.81,70.22 2 1
github.com/avito-internships/test-backend-1-M1steryO/internal/usecase/schedules/helpers/helpers.go:70.22,71.9 1 0
github.com/avito-internships/test-backend-1-M1steryO/internal/usecase/schedules/helpers/helpers.go:74.3,80.5 1 1
github.com/avito-internships/test-backend-1-M1steryO/internal/usecase/schedules/helpers/helpers.go:83.2,83.19 1 1
github.com/avito-internships/test-backend-1-M1steryO/internal/usecase/schedules/helpers/helpers.go:86.56,89.28 3 1
github.com/avito-internships/test-backend-1-M1steryO/internal/usecase/schedules/helpers/helpers.go:89.28,91.3 1 1
github.com/avito-internships/test-backend-1-M1steryO/internal/usecase/schedules/helpers/helpers.go:93.2,93.12 1 1
github.com/avito-internships/test-backend-1-M1steryO/internal/usecase/slots/service.go:11.155,17.2 1 0
github.com/avito-internships/test-backend-1-M1steryO/internal/usecase/slots/slots.go:10.113,11.60 1 0
github.com/avito-internships/test-backend-1-M1steryO/internal/usecase/slots/slots.go:11.60,13.3 1 0
github.com/avito-internships/test-backend-1-M1steryO/internal/usecase/slots/slots.go:15.2,16.16 2 0
github.com/avito-internships/test-backend-1-M1steryO/internal/usecase/slots/slots.go:16.16,17.49 1 0
github.com/avito-internships/test-backend-1-M1steryO/internal/usecase/slots/slots.go:17.49,19.4 1 0
github.com/avito-internships/test-backend-1-M1steryO/internal/usecase/slots/slots.go:20.3,20.18 1 0
github.com/avito-internships/test-backend-1-M1steryO/internal/usecase/slots/slots.go:23.2,24.16 2 0
github.com/avito-internships/test-backend-1-M1steryO/internal/usecase/slots/slots.go:24.16,26.3 1 0
github.com/avito-internships/test-backend-1-M1steryO/internal/usecase/slots/slots.go:28.2,28.15 1 0
github.com/avito-internships/test-backend-1-M1steryO/internal/usecase/slots/slots.go:28.15,30.17 2 0
github.com/avito-internships/test-backend-1-M1steryO/internal/usecase/slots/slots.go:30.17,32.4 1 0
github.com/avito-internships/test-backend-1-M1steryO/internal/usecase/slots/slots.go:34.3,34.25 1 0
github.com/avito-internships/test-backend-1-M1steryO/internal/usecase/slots/slots.go:34.25,35.65 1 0
github.com/avito-internships/test-backend-1-M1steryO/internal/usecase/slots/slots.go:35.65,37.5 1 0
github.com/avito-internships/test-backend-1-M1steryO/internal/usecase/slots/slots.go:41.2,41.66 1 0
github.com/avito-internships/test-backend-1-M1steryO/internal/usecase/auth/auth.go:15.67,31.2 2 0
github.com/avito-internships/test-backend-1-M1steryO/internal/usecase/auth/auth.go:33.68,34.19 1 0
github.com/avito-internships/test-backend-1-M1steryO/internal/usecase/auth/auth.go:34.19,36.3 1 0
github.com/avito-internships/test-backend-1-M1steryO/internal/usecase/auth/auth.go:38.2,39.30 2 0
github.com/avito-internships/test-backend-1-M1steryO/internal/usecase/auth/auth.go:39.30,41.3 1 0
github.com/avito-internships/test-backend-1-M1steryO/internal/usecase/auth/auth.go:43.2,43.52 1 0
github.com/avito-internships/test-backend-1-M1steryO/internal/usecase/auth/auth.go:46.123,47.52 1 0
github.com/avito-internships/test-backend-1-M1steryO/internal/usecase/auth/auth.go:47.52,49.3 1 0
github.com/avito-internships/test-backend-1-M1steryO/internal/usecase/auth/auth.go:51.2,52.16 2 0
github.com/avito-internships/test-backend-1-M1steryO/internal/usecase/auth/auth.go:52.16,54.3 1 0
github.com/avito-internships/test-backend-1-M1steryO/internal/usecase/auth/auth.go:56.2,64.38 2 0
github.com/avito-internships/test-backend-1-M1steryO/internal/usecase/auth/auth.go:67.97,69.16 2 0
github.com/avito-internships/test-backend-1-M1steryO/internal/usecase/auth/auth.go:69.16,71.3 1 0
github.com/avito-internships/test-backend-1-M1steryO/internal/usecase/auth/auth.go:73.2,73.58 1 0
github.com/avito-internships/test-backend-1-M1steryO/internal/usecase/auth/auth.go:73.58,75.3 1 0
github.com/avito-internships/test-backend-1-M1steryO/internal/usecase/auth/auth.go:77.2,77.58 1 0
github.com/avito-internships/test-backend-1-M1steryO/internal/usecase/auth/service.go:15.117,21.2 1 0
github.com/avito-internships/test-backend-1-M1steryO/internal/usecase/bookings/bookings.go:9.160,10.34 1 0
github.com/avito-internships/test-backend-1-M1steryO/internal/usecase/bookings/bookings.go:10.34,12.3 1 0
github.com/avito-internships/test-backend-1-M1steryO/internal/usecase/bookings/bookings.go:14.2,15.16 2 0
github.com/avito-internships/test-backend-1-M1steryO/internal/usecase/bookings/bookings.go:15.16,17.3 1 0
github.com/avito-internships/test-backend-1-M1steryO/internal/usecase/bookings/bookings.go:19.2,19.38 1 0
github.com/avito-internships/test-backend-1-M1steryO/internal/usecase/bookings/bookings.go:19.38,21.3 1 0
github.com/avito-internships/test-backend-1-M1steryO/internal/usecase/bookings/bookings.go:23.2,34.26 2 0
github.com/avito-internships/test-backend-1-M1steryO/internal/usecase/bookings/bookings.go:34.26,36.17 2 0
github.com/avito-internships/test-backend-1-M1steryO/internal/usecase/bookings/bookings.go:36.17,38.4 1 0
github.com/avito-internships/test-backend-1-M1steryO/internal/usecase/bookings/bookings.go:40.3,40.33 1 0
github.com/avito-internships/test-backend-1-M1steryO/internal/usecase/bookings/bookings.go:43.2,43.44 1 0
github.com/avito-internships/test-backend-1-M1steryO/internal/usecase/bookings/bookings.go:46.134,47.35 1 0
github.com/avito-internships/test-backend-1-M1steryO/internal/usecase/bookings/bookings.go:47.35,49.3 1 0
github.com/avito-internships/test-backend-1-M1steryO/internal/usecase/bookings/bookings.go:51.2,51.50 1 0
github.com/avito-internships/test-backend-1-M1steryO/internal/usecase/bookings/bookings.go:51.50,53.3 1 0
github.com/avito-internships/test-backend-1-M1steryO/internal/usecase/bookings/bookings.go:55.2,55.52 1 0
github.com/avito-internships/test-backend-1-M1steryO/internal/usecase/bookings/bookings.go:58.122,59.34 1 0
github.com/avito-internships/test-backend-1-M1steryO/internal/usecase/bookings/bookings.go:59.34,61.3 1 0
github.com/avito-internships/test-backend-1-M1steryO/internal/usecase/bookings/bookings.go:63.2,63.69 1 0
github.com/avito-internships/test-backend-1-M1steryO/internal/usecase/bookings/bookings.go:66.136,67.34 1 0
github.com/avito-internships/test-backend-1-M1steryO/internal/usecase/bookings/bookings.go:67.34,69.3 1 0
github.com/avito-internships/test-backend-1-M1steryO/internal/usecase/bookings/bookings.go:71.2,71.62 1 0
github.com/avito-internships/test-backend-1-M1steryO/internal/usecase/bookings/service.go:21.20,28.2 1 0
github.com/avito-internships/test-backend-1-M1steryO/internal/usecase/rooms/rooms.go:9.145,10.35 1 0
github.com/avito-internships/test-backend-1-M1steryO/internal/usecase/rooms/rooms.go:10.35,12.3 1 0
github.com/avito-internships/test-backend-1-M1steryO/internal/usecase/rooms/rooms.go:14.2,14.16 1 0
github.com/avito-internships/test-backend-1-M1steryO/internal/usecase/rooms/rooms.go:14.16,16.3 1 0
github.com/avito-internships/test-backend-1-M1steryO/internal/usecase/rooms/rooms.go:18.2,25.38 2 0
github.com/avito-internships/test-backend-1-M1steryO/internal/usecase/rooms/rooms.go:28.73,30.2 1 0
github.com/avito-internships/test-backend-1-M1steryO/internal/usecase/rooms/service.go:9.73,11.2 1 0
github.com/avito-internships/test-backend-1-M1steryO/internal/usecase/schedules/schedules.go:10.165,11.35 1 0
github.com/avito-internships/test-backend-1-M1steryO/internal/usecase/schedules/schedules.go:11.35,13.3 1 0
github.com/avito-internships/test-backend-1-M1steryO/internal/usecase/schedules/schedules.go:15.2,15.60 1 0
github.com/avito-internships/test-backend-1-M1steryO/internal/usecase/schedules/schedules.go:15.60,17.3 1 0
github.com/avito-internships/test-backend-1-M1steryO/internal/usecase/schedules/schedules.go:19.2,19.75 1 0
github.com/avito-internships/test-backend-1-M1steryO/internal/usecase/schedules/schedules.go:19.75,21.3 1 0
github.com/avito-internships/test-backend-1-M1steryO/internal/usecase/schedules/schedules.go:23.2,33.16 3 0
github.com/avito-internships/test-backend-1-M1steryO/internal/usecase/schedules/schedules.go:33.16,35.3 1 0
github.com/avito-internships/test-backend-1-M1steryO/internal/usecase/schedules/schedules.go:37.2,39.30 3 0
github.com/avito-internships/test-backend-1-M1steryO/internal/usecase/schedules/schedules.go:39.30,41.20 2 0
github.com/avito-internships/test-backend-1-M1steryO/internal/usecase/schedules/schedules.go:41.20,43.4 1 0
github.com/avito-internships/test-backend-1-M1steryO/internal/usecase/schedules/schedules.go:45.3,45.40 1 0
github.com/avito-internships/test-backend-1-M1steryO/internal/usecase/schedules/schedules.go:48.2,48.23 1 0
github.com/avito-internships/test-backend-1-M1steryO/internal/usecase/schedules/schedules.go:48.23,49.63 1 0
github.com/avito-internships/test-backend-1-M1steryO/internal/usecase/schedules/schedules.go:49.63,51.4 1 0
github.com/avito-internships/test-backend-1-M1steryO/internal/usecase/schedules/schedules.go:54.2,54.21 1 0
github.com/avito-internships/test-backend-1-M1steryO/internal/usecase/schedules/service.go:22.21,30.2 1 0
github.com/avito-internships/test-backend-1-M1steryO/internal/usecase/schedules/helpers/helpers.go:11.75,12.20 1 0
github.com/avito-internships/test-backend-1-M1steryO/internal/usecase/schedules/helpers/helpers.go:12.20,14.3 1 0
github.com/avito-internships/test-backend-1-M1steryO/internal/usecase/schedules/helpers/helpers.go:16.2,16.27 1 0
github.com/avito-internships/test-backend-1-M1steryO/internal/usecase/schedules/helpers/helpers.go:16.27,17.25 1 0
github.com/avito-internships/test-backend-1-M1steryO/internal/usecase/schedules/helpers/helpers.go:17.25,19.4 1 0
github.com/avito-internships/test-backend-1-M1steryO/internal/usecase/schedules/helpers/helpers.go:22.2,23.16 2 0
github.com/avito-internships/test-backend-1-M1steryO/internal/usecase/schedules/helpers/helpers.go:23.16,25.3 1 0
github.com/avito-internships/test-backend-1-M1steryO/internal/usecase/schedules/helpers/helpers.go:27.2,28.16 2 0
github.com/avito-internships/test-backend-1-M1steryO/internal/usecase/schedules/helpers/helpers.go:28.16,30.3 1 0
github.com/avito-internships/test-backend-1-M1steryO/internal/usecase/schedules/helpers/helpers.go:32.2,32.23 1 0
github.com/avito-internships/test-backend-1-M1steryO/internal/usecase/schedules/helpers/helpers.go:32.23,34.3 1 0
github.com/avito-internships/test-backend-1-M1steryO/internal/usecase/schedules/helpers/helpers.go:36.2,36.42 1 0
github.com/avito-internships/test-backend-1-M1steryO/internal/usecase/schedules/helpers/helpers.go:36.42,38.3 1 0
github.com/avito-internships/test-backend-1-M1steryO/internal/usecase/schedules/helpers/helpers.go:40.2,40.12 1 0
github.com/avito-internships/test-backend-1-M1steryO/internal/usecase/schedules/helpers/helpers.go:43.107,46.18 3 1
github.com/avito-internships/test-backend-1-M1steryO/internal/usecase/schedules/helpers/helpers.go:46.18,48.3 1 0
github.com/avito-internships/test-backend-1-M1steryO/internal/usecase/schedules/helpers/helpers.go:50.2,50.52 1 1
github.com/avito-internships/test-backend-1-M1steryO/internal/usecase/schedules/helpers/helpers.go:50.52,52.3 1 0
github.com/avito-internships/test-backend-1-M1steryO/internal/usecase/schedules/helpers/helpers.go:54.2,55.16 2 1
github.com/avito-internships/test-backend-1-M1steryO/internal/usecase/schedules/helpers/helpers.go:55.16,57.3 1 0
github.com/avito-internships/test-backend-1-M1steryO/internal/usecase/schedules/helpers/helpers.go:59.2,60.16 2 1
github.com/avito-internships/test-backend-1-M1steryO/internal/usecase/schedules/helpers/helpers.go:60.16,62.3 1 0
github.com/avito-internships/test-backend-1-M1steryO/internal/usecase/schedules/helpers/helpers.go:64.2,68.81 4 1
github.com/avito-internships/test-backend-1-M1steryO/internal/usecase/schedules/helpers/helpers.go:68.81,70.22 2 1
github.com/avito-internships/test-backend-1-M1steryO/internal/usecase/schedules/helpers/helpers.go:70.22,71.9 1 0
github.com/avito-internships/test-backend-1-M1steryO/internal/usecase/schedules/helpers/helpers.go:74.3,80.5 1 1
github.com/avito-internships/test-backend-1-M1steryO/internal/usecase/schedules/helpers/helpers.go:83.2,83.19 1 1
github.com/avito-internships/test-backend-1-M1steryO/internal/usecase/schedules/helpers/helpers.go:86.56,89.28 3 0
github.com/avito-internships/test-backend-1-M1steryO/internal/usecase/schedules/helpers/helpers.go:89.28,91.3 1 0
github.com/avito-internships/test-backend-1-M1steryO/internal/usecase/schedules/helpers/helpers.go:93.2,93.12 1 0
github.com/avito-internships/test-backend-1-M1steryO/internal/usecase/slots/service.go:11.155,17.2 1 1
github.com/avito-internships/test-backend-1-M1steryO/internal/usecase/slots/slots.go:10.113,11.60 1 1
github.com/avito-internships/test-backend-1-M1steryO/internal/usecase/slots/slots.go:11.60,13.3 1 0
github.com/avito-internships/test-backend-1-M1steryO/internal/usecase/slots/slots.go:15.2,16.16 2 1
github.com/avito-internships/test-backend-1-M1steryO/internal/usecase/slots/slots.go:16.16,17.49 1 1
github.com/avito-internships/test-backend-1-M1steryO/internal/usecase/slots/slots.go:17.49,19.4 1 1
github.com/avito-internships/test-backend-1-M1steryO/internal/usecase/slots/slots.go:20.3,20.18 1 0
github.com/avito-internships/test-backend-1-M1steryO/internal/usecase/slots/slots.go:23.2,24.16 2 1
github.com/avito-internships/test-backend-1-M1steryO/internal/usecase/slots/slots.go:24.16,26.3 1 0
github.com/avito-internships/test-backend-1-M1steryO/internal/usecase/slots/slots.go:28.2,28.15 1 1
github.com/avito-internships/test-backend-1-M1steryO/internal/usecase/slots/slots.go:28.15,30.17 2 1
github.com/avito-internships/test-backend-1-M1steryO/internal/usecase/slots/slots.go:30.17,32.4 1 0
github.com/avito-internships/test-backend-1-M1steryO/internal/usecase/slots/slots.go:34.3,34.25 1 1
github.com/avito-internships/test-backend-1-M1steryO/internal/usecase/slots/slots.go:34.25,35.65 1 1
github.com/avito-internships/test-backend-1-M1steryO/internal/usecase/slots/slots.go:35.65,37.5 1 0
github.com/avito-internships/test-backend-1-M1steryO/internal/usecase/slots/slots.go:41.2,41.66 1 1
github.com/avito-internships/test-backend-1-M1steryO/internal/usecase/bookings/bookings.go:9.160,10.34 1 0
github.com/avito-internships/test-backend-1-M1steryO/internal/usecase/bookings/bookings.go:10.34,12.3 1 0
github.com/avito-internships/test-backend-1-M1steryO/internal/usecase/bookings/bookings.go:14.2,15.16 2 0
github.com/avito-internships/test-backend-1-M1steryO/internal/usecase/bookings/bookings.go:15.16,17.3 1 0
github.com/avito-internships/test-backend-1-M1steryO/internal/usecase/bookings/bookings.go:19.2,19.38 1 0
github.com/avito-internships/test-backend-1-M1steryO/internal/usecase/bookings/bookings.go:19.38,21.3 1 0
github.com/avito-internships/test-backend-1-M1steryO/internal/usecase/bookings/bookings.go:23.2,34.26 2 0
github.com/avito-internships/test-backend-1-M1steryO/internal/usecase/bookings/bookings.go:34.26,36.17 2 0
github.com/avito-internships/test-backend-1-M1steryO/internal/usecase/bookings/bookings.go:36.17,38.4 1 0
github.com/avito-internships/test-backend-1-M1steryO/internal/usecase/bookings/bookings.go:40.3,40.33 1 0
github.com/avito-internships/test-backend-1-M1steryO/internal/usecase/bookings/bookings.go:43.2,43.44 1 0
github.com/avito-internships/test-backend-1-M1steryO/internal/usecase/bookings/bookings.go:46.134,47.35 1 0
github.com/avito-internships/test-backend-1-M1steryO/internal/usecase/bookings/bookings.go:47.35,49.3 1 0
github.com/avito-internships/test-backend-1-M1steryO/internal/usecase/bookings/bookings.go:51.2,51.50 1 0
github.com/avito-internships/test-backend-1-M1steryO/internal/usecase/bookings/bookings.go:51.50,53.3 1 0
github.com/avito-internships/test-backend-1-M1steryO/internal/usecase/bookings/bookings.go:55.2,55.52 1 0
github.com/avito-internships/test-backend-1-M1steryO/internal/usecase/bookings/bookings.go:58.122,59.34 1 0
github.com/avito-internships/test-backend-1-M1steryO/internal/usecase/bookings/bookings.go:59.34,61.3 1 0
github.com/avito-internships/test-backend-1-M1steryO/internal/usecase/bookings/bookings.go:63.2,63.69 1 0
github.com/avito-internships/test-backend-1-M1steryO/internal/usecase/bookings/bookings.go:66.136,67.34 1 0
github.com/avito-internships/test-backend-1-M1steryO/internal/usecase/bookings/bookings.go:67.34,69.3 1 0
github.com/avito-internships/test-backend-1-M1steryO/internal/usecase/bookings/bookings.go:71.2,71.62 1 0
github.com/avito-internships/test-backend-1-M1steryO/internal/usecase/bookings/service.go:21.20,28.2 1 0
github.com/avito-internships/test-backend-1-M1steryO/internal/usecase/auth/auth.go:15.67,31.2 2 0
github.com/avito-internships/test-backend-1-M1steryO/internal/usecase/auth/auth.go:33.68,34.19 1 0
github.com/avito-internships/test-backend-1-M1steryO/internal/usecase/auth/auth.go:34.19,36.3 1 0
github.com/avito-internships/test-backend-1-M1steryO/internal/usecase/auth/auth.go:38.2,39.30 2 0
github.com/avito-internships/test-backend-1-M1steryO/internal/usecase/auth/auth.go:39.30,41.3 1 0
github.com/avito-internships/test-backend-1-M1steryO/internal/usecase/auth/auth.go:43.2,43.52 1 0
github.com/avito-internships/test-backend-1-M1steryO/internal/usecase/auth/auth.go:46.123,47.52 1 0
github.com/avito-internships/test-backend-1-M1steryO/internal/usecase/auth/auth.go:47.52,49.3 1 0
github.com/avito-internships/test-backend-1-M1steryO/internal/usecase/auth/auth.go:51.2,52.16 2 0
github.com/avito-internships/test-backend-1-M1steryO/internal/usecase/auth/auth.go:52.16,54.3 1 0
github.com/avito-internships/test-backend-1-M1steryO/internal/usecase/auth/auth.go:56.2,64.38 2 0
github.com/avito-internships/test-backend-1-M1steryO/internal/usecase/auth/auth.go:67.97,69.16 2 0
github.com/avito-internships/test-backend-1-M1steryO/internal/usecase/auth/auth.go:69.16,71.3 1 0
github.com/avito-internships/test-backend-1-M1steryO/internal/usecase/auth/auth.go:73.2,73.58 1 0
github.com/avito-internships/test-backend-1-M1steryO/internal/usecase/auth/auth.go:73.58,75.3 1 0
github.com/avito-internships/test-backend-1-M1steryO/internal/usecase/auth/auth.go:77.2,77.58 1 0
github.com/avito-internships/test-backend-1-M1steryO/internal/usecase/auth/service.go:15.117,21.2 1 0
github.com/avito-internships/test-backend-1-M1steryO/internal/usecase/rooms/rooms.go:9.145,10.35 1 0
github.com/avito-internships/test-backend-1-M1steryO/internal/usecase/rooms/rooms.go:10.35,12.3 1 0
github.com/avito-internships/test-backend-1-M1steryO/internal/usecase/rooms/rooms.go:14.2,14.16 1 0
github.com/avito-internships/test-backend-1-M1steryO/internal/usecase/rooms/rooms.go:14.16,16.3 1 0
github.com/avito-internships/test-backend-1-M1steryO/internal/usecase/rooms/rooms.go:18.2,25.38 2 0
github.com/avito-internships/test-backend-1-M1steryO/internal/usecase/rooms/rooms.go:28.73,30.2 1 0
github.com/avito-internships/test-backend-1-M1steryO/internal/usecase/rooms/service.go:9.73,11.2 1 0
github.com/avito-internships/test-backend-1-M1steryO/internal/usecase/schedules/helpers/helpers.go:11.75,12.20 1 0
github.com/avito-internships/test-backend-1-M1steryO/internal/usecase/schedules/helpers/helpers.go:12.20,14.3 1 0
github.com/avito-internships/test-backend-1-M1steryO/internal/usecase/schedules/helpers/helpers.go:16.2,16.27 1 0
github.com/avito-internships/test-backend-1-M1steryO/internal/usecase/schedules/helpers/helpers.go:16.27,17.25 1 0
github.com/avito-internships/test-backend-1-M1steryO/internal/usecase/schedules/helpers/helpers.go:17.25,19.4 1 0
github.com/avito-internships/test-backend-1-M1steryO/internal/usecase/schedules/helpers/helpers.go:22.2,23.16 2 0
github.com/avito-internships/test-backend-1-M1steryO/internal/usecase/schedules/helpers/helpers.go:23.16,25.3 1 0
github.com/avito-internships/test-backend-1-M1steryO/internal/usecase/schedules/helpers/helpers.go:27.2,28.16 2 0
github.com/avito-internships/test-backend-1-M1steryO/internal/usecase/schedules/helpers/helpers.go:28.16,30.3 1 0
github.com/avito-internships/test-backend-1-M1steryO/internal/usecase/schedules/helpers/helpers.go:32.2,32.23 1 0
github.com/avito-internships/test-backend-1-M1steryO/internal/usecase/schedules/helpers/helpers.go:32.23,34.3 1 0
github.com/avito-internships/test-backend-1-M1steryO/internal/usecase/schedules/helpers/helpers.go:36.2,36.42 1 0
github.com/avito-internships/test-backend-1-M1steryO/internal/usecase/schedules/helpers/helpers.go:36.42,38.3 1 0
github.com/avito-internships/test-backend-1-M1steryO/internal/usecase/schedules/helpers/helpers.go:40.2,40.12 1 0
github.com/avito-internships/test-backend-1-M1steryO/internal/usecase/schedules/helpers/helpers.go:43.107,46.18 3 0
github.com/avito-internships/test-backend-1-M1steryO/internal/usecase/schedules/helpers/helpers.go:46.18,48.3 1 0
github.com/avito-internships/test-backend-1-M1steryO/internal/usecase/schedules/helpers/helpers.go:50.2,50.52 1 0
github.com/avito-internships/test-backend-1-M1steryO/internal/usecase/schedules/helpers/helpers.go:50.52,52.3 1 0
github.com/avito-internships/test-backend-1-M1steryO/internal/usecase/schedules/helpers/helpers.go:54.2,55.16 2 0
github.com/avito-internships/test-backend-1-M1steryO/internal/usecase/schedules/helpers/helpers.go:55.16,57.3 1 0
github.com/avito-internships/test-backend-1-M1steryO/internal/usecase/schedules/helpers/helpers.go:59.2,60.16 2 0
github.com/avito-internships/test-backend-1-M1steryO/internal/usecase/schedules/helpers/helpers.go:60.16,62.3 1 0
github.com/avito-internships/test-backend-1-M1steryO/internal/usecase/schedules/helpers/helpers.go:64.2,68.81 4 0
github.com/avito-internships/test-backend-1-M1steryO/internal/usecase/schedules/helpers/helpers.go:68.81,70.22 2 0
github.com/avito-internships/test-backend-1-M1steryO/internal/usecase/schedules/helpers/helpers.go:70.22,71.9 1 0
github.com/avito-internships/test-backend-1-M1steryO/internal/usecase/schedules/helpers/helpers.go:74.3,80.5 1 0
github.com/avito-internships/test-backend-1-M1steryO/internal/usecase/schedules/helpers/helpers.go:83.2,83.19 1 0
github.com/avito-internships/test-backend-1-M1steryO/internal/usecase/schedules/helpers/helpers.go:86.56,89.28 3 0
github.com/avito-internships/test-backend-1-M1steryO/internal/usecase/schedules/helpers/helpers.go:89.28,91.3 1 0
github.com/avito-internships/test-backend-1-M1steryO/internal/usecase/schedules/helpers/helpers.go:93.2,93.12 1 0
github.com/avito-internships/test-backend-1-M1steryO/internal/usecase/slots/service.go:11.155,17.2 1 0
github.com/avito-internships/test-backend-1-M1steryO/internal/usecase/slots/slots.go:10.113,11.60 1 0
github.com/avito-internships/test-backend-1-M1steryO/internal/usecase/slots/slots.go:11.60,13.3 1 0
github.com/avito-internships/test-backend-1-M1steryO/internal/usecase/slots/slots.go:15.2,16.16 2 0
github.com/avito-internships/test-backend-1-M1steryO/internal/usecase/slots/slots.go:16.16,17.49 1 0
github.com/avito-internships/test-backend-1-M1steryO/internal/usecase/slots/slots.go:17.49,19.4 1 0
github.com/avito-internships/test-backend-1-M1steryO/internal/usecase/slots/slots.go:20.3,20.18 1 0
github.com/avito-internships/test-backend-1-M1steryO/internal/usecase/slots/slots.go:23.2,24.16 2 0
github.com/avito-internships/test-backend-1-M1steryO/internal/usecase/slots/slots.go:24.16,26.3 1 0
github.com/avito-internships/test-backend-1-M1steryO/internal/usecase/slots/slots.go:28.2,28.15 1 0
github.com/avito-internships/test-backend-1-M1steryO/internal/usecase/slots/slots.go:28.15,30.17 2 0
github.com/avito-internships/test-backend-1-M1steryO/internal/usecase/slots/slots.go:30.17,32.4 1 0
github.com/avito-internships/test-backend-1-M1steryO/internal/usecase/slots/slots.go:34.3,34.25 1 0
github.com/avito-internships/test-backend-1-M1steryO/internal/usecase/slots/slots.go:34.25,35.65 1 0
github.com/avito-internships/test-backend-1-M1steryO/internal/usecase/slots/slots.go:35.65,37.5 1 0
github.com/avito-internships/test-backend-1-M1steryO/internal/usecase/slots/slots.go:41.2,41.66 1 0
github.com/avito-internships/test-backend-1-M1steryO/internal/usecase/schedules/schedules.go:10.165,11.35 1 0
github.com/avito-internships/test-backend-1-M1steryO/internal/usecase/schedules/schedules.go:11.35,13.3 1 0
github.com/avito-internships/test-backend-1-M1steryO/internal/usecase/schedules/schedules.go:15.2,15.60 1 0
github.com/avito-internships/test-backend-1-M1steryO/internal/usecase/schedules/schedules.go:15.60,17.3 1 0
github.com/avito-internships/test-backend-1-M1steryO/internal/usecase/schedules/schedules.go:19.2,19.75 1 0
github.com/avito-internships/test-backend-1-M1steryO/internal/usecase/schedules/schedules.go:19.75,21.3 1 0
github.com/avito-internships/test-backend-1-M1steryO/internal/usecase/schedules/schedules.go:23.2,33.16 3 0
github.com/avito-internships/test-backend-1-M1steryO/internal/usecase/schedules/schedules.go:33.16,35.3 1 0
github.com/avito-internships/test-backend-1-M1steryO/internal/usecase/schedules/schedules.go:37.2,39.30 3 0
github.com/avito-internships/test-backend-1-M1steryO/internal/usecase/schedules/schedules.go:39.30,41.20 2 0
github.com/avito-internships/test-backend-1-M1steryO/internal/usecase/schedules/schedules.go:41.20,43.4 1 0
github.com/avito-internships/test-backend-1-M1steryO/internal/usecase/schedules/schedules.go:45.3,45.40 1 0
github.com/avito-internships/test-backend-1-M1steryO/internal/usecase/schedules/schedules.go:48.2,48.23 1 0
github.com/avito-internships/test-backend-1-M1steryO/internal/usecase/schedules/schedules.go:48.23,49.63 1 0
github.com/avito-internships/test-backend-1-M1steryO/internal/usecase/schedules/schedules.go:49.63,51.4 1 0
github.com/avito-internships/test-backend-1-M1steryO/internal/usecase/schedules/schedules.go:54.2,54.21 1 0
github.com/avito-internships/test-backend-1-M1steryO/internal/usecase/schedules/service.go:22.21,30.2 1 0
github.com/avito-internships/test-backend-1-M1steryO/internal/usecase/auth/auth.go:15.67,31.2 2 0
github.com/avito-internships/test-backend-1-M1steryO/internal/usecase/auth/auth.go:33.68,34.19 1 0
github.com/avito-internships/test-backend-1-M1steryO/internal/usecase/auth/auth.go:34.19,36.3 1 0
github.com/avito-internships/test-backend-1-M1steryO/internal/usecase/auth/auth.go:38.2,39.30 2 0
github.com/avito-internships/test-backend-1-M1steryO/internal/usecase/auth/auth.go:39.30,41.3 1 0
github.com/avito-internships/test-backend-1-M1steryO/internal/usecase/auth/auth.go:43.2,43.52 1 0
github.com/avito-internships/test-backend-1-M1steryO/internal/usecase/auth/auth.go:46.123,47.52 1 0
github.com/avito-internships/test-backend-1-M1steryO/internal/usecase/auth/auth.go:47.52,49.3 1 0
github.com/avito-internships/test-backend-1-M1steryO/internal/usecase/auth/auth.go:51.2,52.16 2 0
github.com/avito-internships/test-backend-1-M1steryO/internal/usecase/auth/auth.go:52.16,54.3 1 0
github.com/avito-internships/test-backend-1-M1steryO/internal/usecase/auth/auth.go:56.2,64.38 2 0
github.com/avito-internships/test-backend-1-M1steryO/internal/usecase/auth/auth.go:67.97,69.16 2 0
github.com/avito-internships/test-backend-1-M1steryO/internal/usecase/auth/auth.go:69.16,71.3 1 0
github.com/avito-internships/test-backend-1-M1steryO/internal/usecase/auth/auth.go:73.2,73.58 1 0
github.com/avito-internships/test-backend-1-M1steryO/internal/usecase/auth/auth.go:73.58,75.3 1 0
github.com/avito-internships/test-backend-1-M1steryO/internal/usecase/auth/auth.go:77.2,77.58 1 0
github.com/avito-internships/test-backend-1-M1steryO/internal/usecase/auth/service.go:15.117,21.2 1 0
github.com/avito-internships/test-backend-1-M1steryO/internal/usecase/bookings/bookings.go:9.160,10.34 1 1
github.com/avito-internships/test-backend-1-M1steryO/internal/usecase/bookings/bookings.go:10.34,12.3 1 1
github.com/avito-internships/test-backend-1-M1steryO/internal/usecase/bookings/bookings.go:14.2,15.16 2 1
github.com/avito-internships/test-backend-1-M1steryO/internal/usecase/bookings/bookings.go:15.16,17.3 1 0
github.com/avito-internships/test-backend-1-M1steryO/internal/usecase/bookings/bookings.go:19.2,19.38 1 1
github.com/avito-internships/test-backend-1-M1steryO/internal/usecase/bookings/bookings.go:19.38,21.3 1 1
github.com/avito-internships/test-backend-1-M1steryO/internal/usecase/bookings/bookings.go:23.2,34.26 2 0
github.com/avito-internships/test-backend-1-M1steryO/internal/usecase/bookings/bookings.go:34.26,36.17 2 0
github.com/avito-internships/test-backend-1-M1steryO/internal/usecase/bookings/bookings.go:36.17,38.4 1 0
github.com/avito-internships/test-backend-1-M1steryO/internal/usecase/bookings/bookings.go:40.3,40.33 1 0
github.com/avito-internships/test-backend-1-M1steryO/internal/usecase/bookings/bookings.go:43.2,43.44 1 0
github.com/avito-internships/test-backend-1-M1steryO/internal/usecase/bookings/bookings.go:46.134,47.35 1 1
github.com/avito-internships/test-backend-1-M1steryO/internal/usecase/bookings/bookings.go:47.35,49.3 1 1
github.com/avito-internships/test-backend-1-M1steryO/internal/usecase/bookings/bookings.go:51.2,51.50 1 1
github.com/avito-internships/test-backend-1-M1steryO/internal/usecase/bookings/bookings.go:51.50,53.3 1 1
github.com/avito-internships/test-backend-1-M1steryO/internal/usecase/bookings/bookings.go:55.2,55.52 1 1
github.com/avito-internships/test-backend-1-M1steryO/internal/usecase/bookings/bookings.go:58.122,59.34 1 1
github.com/avito-internships/test-backend-1-M1steryO/internal/usecase/bookings/bookings.go:59.34,61.3 1 1
github.com/avito-internships/test-backend-1-M1steryO/internal/usecase/bookings/bookings.go:63.2,63.69 1 1
github.com/avito-internships/test-backend-1-M1steryO/internal/usecase/bookings/bookings.go:66.136,67.34 1 1
github.com/avito-internships/test-backend-1-M1steryO/internal/usecase/bookings/bookings.go:67.34,69.3 1 0
github.com/avito-internships/test-backend-1-M1steryO/internal/usecase/bookings/bookings.go:71.2,71.62 1 1
github.com/avito-internships/test-backend-1-M1steryO/internal/usecase/bookings/service.go:21.20,28.2 1 1
github.com/avito-internships/test-backend-1-M1steryO/internal/usecase/rooms/rooms.go:9.145,10.35 1 0
github.com/avito-internships/test-backend-1-M1steryO/internal/usecase/rooms/rooms.go:10.35,12.3 1 0
github.com/avito-internships/test-backend-1-M1steryO/internal/usecase/rooms/rooms.go:14.2,14.16 1 0
github.com/avito-internships/test-backend-1-M1steryO/internal/usecase/rooms/rooms.go:14.16,16.3 1 0
github.com/avito-internships/test-backend-1-M1steryO/internal/usecase/rooms/rooms.go:18.2,25.38 2 0
github.com/avito-internships/test-backend-1-M1steryO/internal/usecase/rooms/rooms.go:28.73,30.2 1 0
github.com/avito-internships/test-backend-1-M1steryO/internal/usecase/rooms/service.go:9.73,11.2 1 0
github.com/avito-internships/test-backend-1-M1steryO/internal/usecase/schedules/schedules.go:10.165,11.35 1 0
github.com/avito-internships/test-backend-1-M1steryO/internal/usecase/schedules/schedules.go:11.35,13.3 1 0
github.com/avito-internships/test-backend-1-M1steryO/internal/usecase/schedules/schedules.go:15.2,15.60 1 0
github.com/avito-internships/test-backend-1-M1steryO/internal/usecase/schedules/schedules.go:15.60,17.3 1 0
github.com/avito-internships/test-backend-1-M1steryO/internal/usecase/schedules/schedules.go:19.2,19.75 1 0
github.com/avito-internships/test-backend-1-M1steryO/internal/usecase/schedules/schedules.go:19.75,21.3 1 0
github.com/avito-internships/test-backend-1-M1steryO/internal/usecase/schedules/schedules.go:23.2,33.16 3 0
github.com/avito-internships/test-backend-1-M1steryO/internal/usecase/schedules/schedules.go:33.16,35.3 1 0
github.com/avito-internships/test-backend-1-M1steryO/internal/usecase/schedules/schedules.go:37.2,39.30 3 0
github.com/avito-internships/test-backend-1-M1steryO/internal/usecase/schedules/schedules.go:39.30,41.20 2 0
github.com/avito-internships/test-backend-1-M1steryO/internal/usecase/schedules/schedules.go:41.20,43.4 1 0
github.com/avito-internships/test-backend-1-M1steryO/internal/usecase/schedules/schedules.go:45.3,45.40 1 0
github.com/avito-internships/test-backend-1-M1steryO/internal/usecase/schedules/schedules.go:48.2,48.23 1 0
github.com/avito-internships/test-backend-1-M1steryO/internal/usecase/schedules/schedules.go:48.23,49.63 1 0
github.com/avito-internships/test-backend-1-M1steryO/internal/usecase/schedules/schedules.go:49.63,51.4 1 0
github.com/avito-internships/test-backend-1-M1steryO/internal/usecase/schedules/schedules.go:54.2,54.21 1 0
github.com/avito-internships/test-backend-1-M1steryO/internal/usecase/schedules/service.go:22.21,30.2 1 0
github.com/avito-internships/test-backend-1-M1steryO/internal/usecase/schedules/helpers/helpers.go:11.75,12.20 1 0
github.com/avito-internships/test-backend-1-M1steryO/internal/usecase/schedules/helpers/helpers.go:12.20,14.3 1 0
github.com/avito-internships/test-backend-1-M1steryO/internal/usecase/schedules/helpers/helpers.go:16.2,16.27 1 0
github.com/avito-internships/test-backend-1-M1steryO/internal/usecase/schedules/helpers/helpers.go:16.27,17.25 1 0
github.com/avito-internships/test-backend-1-M1steryO/internal/usecase/schedules/helpers/helpers.go:17.25,19.4 1 0
github.com/avito-internships/test-backend-1-M1steryO/internal/usecase/schedules/helpers/helpers.go:22.2,23.16 2 0
github.com/avito-internships/test-backend-1-M1steryO/internal/usecase/schedules/helpers/helpers.go:23.16,25.3 1 0
github.com/avito-internships/test-backend-1-M1steryO/internal/usecase/schedules/helpers/helpers.go:27.2,28.16 2 0
github.com/avito-internships/test-backend-1-M1steryO/internal/usecase/schedules/helpers/helpers.go:28.16,30.3 1 0
github.com/avito-internships/test-backend-1-M1steryO/internal/usecase/schedules/helpers/helpers.go:32.2,32.23 1 0
github.com/avito-internships/test-backend-1-M1steryO/internal/usecase/schedules/helpers/helpers.go:32.23,34.3 1 0
github.com/avito-internships/test-backend-1-M1steryO/internal/usecase/schedules/helpers/helpers.go:36.2,36.42 1 0
github.com/avito-internships/test-backend-1-M1steryO/internal/usecase/schedules/helpers/helpers.go:36.42,38.3 1 0
github.com/avito-internships/test-backend-1-M1steryO/internal/usecase/schedules/helpers/helpers.go:40.2,40.12 1 0
github.com/avito-internships/test-backend-1-M1steryO/internal/usecase/schedules/helpers/helpers.go:43.107,46.18 3 0
github.com/avito-internships/test-backend-1-M1steryO/internal/usecase/schedules/helpers/helpers.go:46.18,48.3 1 0
github.com/avito-internships/test-backend-1-M1steryO/internal/usecase/schedules/helpers/helpers.go:50.2,50.52 1 0
github.com/avito-internships/test-backend-1-M1steryO/internal/usecase/schedules/helpers/helpers.go:50.52,52.3 1 0
github.com/avito-internships/test-backend-1-M1steryO/internal/usecase/schedules/helpers/helpers.go:54.2,55.16 2 0
github.com/avito-internships/test-backend-1-M1steryO/internal/usecase/schedules/helpers/helpers.go:55.16,57.3 1 0
github.com/avito-internships/test-backend-1-M1steryO/internal/usecase/schedules/helpers/helpers.go:59.2,60.16 2 0
github.com/avito-internships/test-backend-1-M1steryO/internal/usecase/schedules/helpers/helpers.go:60.16,62.3 1 0
github.com/avito-internships/test-backend-1-M1steryO/internal/usecase/schedules/helpers/helpers.go:64.2,68.81 4 0
github.com/avito-internships/test-backend-1-M1steryO/internal/usecase/schedules/helpers/helpers.go:68.81,70.22 2 0
github.com/avito-internships/test-backend-1-M1steryO/internal/usecase/schedules/helpers/helpers.go:70.22,71.9 1 0
github.com/avito-internships/test-backend-1-M1steryO/internal/usecase/schedules/helpers/helpers.go:74.3,80.5 1 0
github.com/avito-internships/test-backend-1-M1steryO/internal/usecase/schedules/helpers/helpers.go:83.2,83.19 1 0
github.com/avito-internships/test-backend-1-M1steryO/internal/usecase/schedules/helpers/helpers.go:86.56,89.28 3 0
github.com/avito-internships/test-backend-1-M1steryO/internal/usecase/schedules/helpers/helpers.go:89.28,91.3 1 0
github.com/avito-internships/test-backend-1-M1steryO/internal/usecase/schedules/helpers/helpers.go:93.2,93.12 1 0
github.com/avito-internships/test-backend-1-M1steryO/internal/usecase/slots/service.go:11.155,17.2 1 0
github.com/avito-internships/test-backend-1-M1steryO/internal/usecase/slots/slots.go:10.113,11.60 1 0
github.com/avito-internships/test-backend-1-M1steryO/internal/usecase/slots/slots.go:11.60,13.3 1 0
github.com/avito-internships/test-backend-1-M1steryO/internal/usecase/slots/slots.go:15.2,16.16 2 0
github.com/avito-internships/test-backend-1-M1steryO/internal/usecase/slots/slots.go:16.16,17.49 1 0
github.com/avito-internships/test-backend-1-M1steryO/internal/usecase/slots/slots.go:17.49,19.4 1 0
github.com/avito-internships/test-backend-1-M1steryO/internal/usecase/slots/slots.go:20.3,20.18 1 0
github.com/avito-internships/test-backend-1-M1steryO/internal/usecase/slots/slots.go:23.2,24.16 2 0
github.com/avito-internships/test-backend-1-M1steryO/internal/usecase/slots/slots.go:24.16,26.3 1 0
github.com/avito-internships/test-backend-1-M1steryO/internal/usecase/slots/slots.go:28.2,28.15 1 0
github.com/avito-internships/test-backend-1-M1steryO/internal/usecase/slots/slots.go:28.15,30.17 2 0
github.com/avito-internships/test-backend-1-M1steryO/internal/usecase/slots/slots.go:30.17,32.4 1 0
github.com/avito-internships/test-backend-1-M1steryO/internal/usecase/slots/slots.go:34.3,34.25 1 0
github.com/avito-internships/test-backend-1-M1steryO/internal/usecase/slots/slots.go:34.25,35.65 1 0
github.com/avito-internships/test-backend-1-M1steryO/internal/usecase/slots/slots.go:35.65,37.5 1 0
github.com/avito-internships/test-backend-1-M1steryO/internal/usecase/slots/slots.go:41.2,41.66 1 0
